Using pre-set license
Desktop is 1920 x 1080 @ 60 Hz

 COMMAND LINE ARGUMENTS:
Unity
-adb2
-batchMode
-noUpm
-name
AssetImportWorker0
-projectPath
/home/freddy/Documents/GitHub/AR_Project2/AR_Project2_FreddyStock
-logFile
Logs/AssetImportWorker0.log
-srvPort
40911
Successfully changed project path to: /home/freddy/Documents/GitHub/AR_Project2/AR_Project2_FreddyStock
/home/freddy/Documents/GitHub/AR_Project2/AR_Project2_FreddyStock
Using Asset Import Pipeline V2.
Refreshing native plugins compatible for Editor in 59.93 ms, found 0 plugins.
Preloading 0 native plugins for Editor in 0.00 ms.
Initialize engine version: 2020.3.16f1 (049d6eca3c44)
[Subsystems] Discovering subsystems at path /home/freddy/Unity/Hub/Editor/2020.3.16f1/Editor/Data/Resources/UnitySubsystems
[Subsystems] Discovering subsystems at path /home/freddy/Documents/GitHub/AR_Project2/AR_Project2_FreddyStock/Assets
GLX Extensions: GLX_ARB_create_context GLX_ARB_create_context_no_error GLX_ARB_create_context_profile GLX_ARB_fbconfig_float GLX_ARB_framebuffer_sRGB GLX_ARB_get_proc_address GLX_ARB_multisample GLX_EXT_buffer_age GLX_EXT_create_context_es2_profile GLX_EXT_create_context_es_profile GLX_EXT_fbconfig_packed_float GLX_EXT_framebuffer_sRGB GLX_EXT_import_context GLX_EXT_swap_control GLX_EXT_swap_control_tear GLX_EXT_texture_from_pixmap GLX_EXT_visual_info GLX_EXT_visual_rating GLX_MESA_copy_sub_buffer GLX_MESA_query_renderer GLX_MESA_swap_control GLX_OML_swap_method GLX_OML_sync_control GLX_SGIS_multisample GLX_SGIX_fbconfig GLX_SGIX_pbuffer GLX_SGIX_visual_select_group GLX_SGI_make_current_read GLX_SGI_video_sync 
Renderer: AMD RENOIR (DRM 3.40.0, 5.11.0-38-generic, LLVM 12.0.0)
Vendor:   AMD
Version:  4.6 (Core Profile) Mesa 21.0.3
GLES:     0
 GL_AMD_conservative_depth GL_AMD_depth_clamp_separate GL_AMD_draw_buffers_blend GL_AMD_framebuffer_multisample_advanced GL_AMD_gpu_shader_int64 GL_AMD_multi_draw_indirect GL_AMD_performance_monitor GL_AMD_pinned_memory GL_AMD_query_buffer_object GL_AMD_seamless_cubemap_per_texture GL_AMD_shader_stencil_export GL_AMD_shader_trinary_minmax GL_AMD_texture_texture4 GL_AMD_vertex_shader_layer GL_AMD_vertex_shader_viewport_index GL_ANGLE_texture_compression_dxt3 GL_ANGLE_texture_compression_dxt5 GL_ARB_ES2_compatibility GL_ARB_ES3_1_compatibility GL_ARB_ES3_2_compatibility GL_ARB_ES3_compatibility GL_ARB_arrays_of_arrays GL_ARB_base_instance GL_ARB_bindless_texture GL_ARB_blend_func_extended GL_ARB_buffer_storage GL_ARB_clear_buffer_object GL_ARB_clear_texture GL_ARB_clip_control GL_ARB_color_buffer_float GL_ARB_compressed_texture_pixel_storage GL_ARB_compute_shader GL_ARB_compute_variable_group_size GL_ARB_conditional_render_inverted GL_ARB_conservative_depth GL_ARB_copy_buffer GL_ARB_copy_image GL_ARB_cull_dist
ance GL_ARB_debug_output GL_ARB_depth_buffer_float GL_ARB_depth_clamp GL_ARB_derivative_control GL_ARB_direct_state_access GL_ARB_draw_buffers GL_ARB_draw_buffers_blend GL_ARB_draw_elements_base_vertex GL_ARB_draw_indirect GL_ARB_draw_instanced GL_ARB_enhanced_layouts GL_ARB_explicit_attrib_location GL_ARB_explicit_uniform_location GL_ARB_fragment_coord_conventions GL_ARB_fragment_layer_viewport GL_ARB_fragment_shader GL_ARB_framebuffer_no_attachments GL_ARB_framebuffer_object GL_ARB_framebuffer_sRGB GL_ARB_get_program_binary GL_ARB_get_texture_sub_image GL_ARB_gl_spirv GL_ARB_gpu_shader5 GL_ARB_gpu_shader_fp64 GL_ARB_gpu_shader_int64 GL_ARB_half_float_pixel GL_ARB_half_float_vertex GL_ARB_indirect_parameters GL_ARB_instanced_arrays GL_ARB_internalformat_query GL_ARB_internalformat_query2 GL_ARB_invalidate_subdata GL_ARB_map_buffer_alignment GL_ARB_map_buffer_range GL_ARB_multi_bind GL_ARB_multi_draw_indirect GL_ARB_occlusion_query2 GL_ARB_parallel_shader_compile GL_ARB_pipeline_statistics_query GL_ARB_pixel
_buffer_object GL_ARB_point_sprite GL_ARB_polygon_offset_clamp GL_ARB_program_interface_query GL_ARB_provoking_vertex GL_ARB_query_buffer_object GL_ARB_robust_buffer_access_behavior GL_ARB_robustness GL_ARB_sample_shading GL_ARB_sampler_objects GL_ARB_seamless_cube_map GL_ARB_seamless_cubemap_per_texture GL_ARB_separate_shader_objects GL_ARB_shader_atomic_counter_ops GL_ARB_shader_atomic_counters GL_ARB_shader_ballot GL_ARB_shader_bit_encoding GL_ARB_shader_clock GL_ARB_shader_draw_parameters GL_ARB_shader_group_vote GL_ARB_shader_image_load_store GL_ARB_shader_image_size GL_ARB_shader_objects GL_ARB_shader_precision GL_ARB_shader_stencil_export GL_ARB_shader_storage_buffer_object GL_ARB_shader_subroutine GL_ARB_shader_texture_image_samples GL_ARB_shader_texture_lod GL_ARB_shader_viewport_layer_array GL_ARB_shading_language_420pack GL_ARB_shading_language_include GL_ARB_shading_language_packing GL_ARB_sparse_buffer GL_ARB_spirv_extensions GL_ARB_stencil_texturing GL_ARB_sync GL_ARB_tessellation_shader GL_ARB
_texture_barrier GL_ARB_texture_buffer_object GL_ARB_texture_buffer_object_rgb32 GL_ARB_texture_buffer_range GL_ARB_texture_compression_bptc GL_ARB_texture_compression_rgtc GL_ARB_texture_cube_map_array GL_ARB_texture_filter_anisotropic GL_ARB_texture_float GL_ARB_texture_gather GL_ARB_texture_mirror_clamp_to_edge GL_ARB_texture_multisample GL_ARB_texture_non_power_of_two GL_ARB_texture_query_levels GL_ARB_texture_query_lod GL_ARB_texture_rectangle GL_ARB_texture_rg GL_ARB_texture_rgb10_a2ui GL_ARB_texture_stencil8 GL_ARB_texture_storage GL_ARB_texture_storage_multisample GL_ARB_texture_swizzle GL_ARB_texture_view GL_ARB_timer_query GL_ARB_transform_feedback2 GL_ARB_transform_feedback3 GL_ARB_transform_feedback_instanced GL_ARB_transform_feedback_overflow_query GL_ARB_uniform_buffer_object GL_ARB_vertex_array_bgra GL_ARB_vertex_array_object GL_ARB_vertex_attrib_64bit GL_ARB_vertex_attrib_binding GL_ARB_vertex_buffer_object GL_ARB_vertex_shader GL_ARB_vertex_type_10f_11f_11f_rev GL_ARB_vertex_type_2_10_10_10_
rev GL_ARB_viewport_array GL_ATI_blend_equation_separate GL_ATI_meminfo GL_ATI_texture_float GL_ATI_texture_mirror_once GL_EXT_EGL_image_storage GL_EXT_EGL_sync GL_EXT_abgr GL_EXT_blend_equation_separate GL_EXT_demote_to_helper_invocation GL_EXT_depth_bounds_test GL_EXT_draw_buffers2 GL_EXT_draw_instanced GL_EXT_framebuffer_blit GL_EXT_framebuffer_multisample GL_EXT_framebuffer_multisample_blit_scaled GL_EXT_framebuffer_object GL_EXT_framebuffer_sRGB GL_EXT_memory_object GL_EXT_memory_object_fd GL_EXT_packed_depth_stencil GL_EXT_packed_float GL_EXT_pixel_buffer_object GL_EXT_polygon_offset_clamp GL_EXT_provoking_vertex GL_EXT_semaphore GL_EXT_semaphore_fd GL_EXT_shader_image_load_formatted GL_EXT_shader_image_load_store GL_EXT_shader_integer_mix GL_EXT_shader_samples_identical GL_EXT_texture_array GL_EXT_texture_compression_dxt1 GL_EXT_texture_compression_rgtc GL_EXT_texture_compression_s3tc GL_EXT_texture_filter_anisotropic GL_EXT_texture_integer GL_EXT_texture_mirror_clamp GL_EXT_texture_sRGB GL_EXT_textur
e_sRGB_R8 GL_EXT_texture_sRGB_decode GL_EXT_texture_shadow_lod GL_EXT_texture_shared_exponent GL_EXT_texture_snorm GL_EXT_texture_swizzle GL_EXT_timer_query GL_EXT_transform_feedback GL_EXT_vertex_array_bgra GL_EXT_vertex_attrib_64bit GL_EXT_window_rectangles GL_IBM_multimode_draw_arrays GL_INTEL_blackhole_render GL_KHR_blend_equation_advanced GL_KHR_context_flush_control GL_KHR_debug GL_KHR_no_error GL_KHR_parallel_shader_compile GL_KHR_robust_buffer_access_behavior GL_KHR_robustness GL_KHR_texture_compression_astc_ldr GL_KHR_texture_compression_astc_sliced_3d GL_MESA_framebuffer_flip_y GL_MESA_pack_invert GL_MESA_shader_integer_functions GL_MESA_texture_signed_rgba GL_NVX_gpu_memory_info GL_NV_alpha_to_coverage_dither_control GL_NV_compute_shader_derivatives GL_NV_conditional_render GL_NV_copy_image GL_NV_depth_clamp GL_NV_packed_depth_stencil GL_NV_shader_atomic_int64 GL_NV_texture_barrier GL_NV_vdpau_interop GL_OES_EGL_image GL_S3_s3tc
OPENGL LOG: Creating OpenGL 4.6 graphics device ; Context level  <OpenGL 4.5> ; Context handle -1313187584
Initialize mono
Mono path[0] = '/home/freddy/Unity/Hub/Editor/2020.3.16f1/Editor/Data/Managed'
Mono path[1] = '/home/freddy/Unity/Hub/Editor/2020.3.16f1/Editor/Data/MonoBleedingEdge/lib/mono/unityjit'
Mono config path = '/home/freddy/Unity/Hub/Editor/2020.3.16f1/Editor/Data/MonoBleedingEdge/etc'
Using monoOptions --debugger-agent=transport=dt_socket,embedding=1,server=y,suspend=n,address=127.0.0.1:56040
Begin MonoManager ReloadAssembly
Registering precompiled unity dll's ...
Register platform support module: /home/freddy/Unity/Hub/Editor/2020.3.16f1/Editor/Data/PlaybackEngines/WindowsStandaloneSupport/UnityEditor.WindowsStandalone.Extensions.dll
Register platform support module: /home/freddy/Unity/Hub/Editor/2020.3.16f1/Editor/Data/PlaybackEngines/LinuxStandaloneSupport/UnityEditor.LinuxStandalone.Extensions.dll
Registered in 0.001629 seconds.
Native extension for LinuxStandalone target not found
Native extension for WindowsStandalone target not found
Refreshing native plugins compatible for Editor in 46.94 ms, found 0 plugins.
Preloading 0 native plugins for Editor in 0.00 ms.
Mono: successfully reloaded assembly
- Completed reload, in  2.197 seconds
Domain Reload Profiling:
	ReloadAssembly (2198ms)
		BeginReloadAssembly (57ms)
			ExecutionOrderSort (0ms)
			DisableScriptedObjects (0ms)
			BackupInstance (0ms)
			ReleaseScriptingObjects (0ms)
			CreateAndSetChildDomain (2ms)
		EndReloadAssembly (644ms)
			LoadAssemblies (54ms)
			RebuildTransferFunctionScriptingTraits (0ms)
			SetupTypeCache (201ms)
			ReleaseScriptCaches (0ms)
			RebuildScriptCaches (47ms)
			SetupLoadedEditorAssemblies (303ms)
				LogAssemblyErrors (0ms)
				InitializePlatformSupportModulesInManaged (9ms)
				SetLoadedEditorAssemblies (0ms)
				RefreshPlugins (47ms)
				BeforeProcessingInitializeOnLoad (15ms)
				ProcessInitializeOnLoadAttributes (186ms)
				ProcessInitializeOnLoadMethodAttributes (46ms)
				AfterProcessingInitializeOnLoad (0ms)
				EditorAssembliesLoaded (0ms)
			ExecutionOrderSort2 (0ms)
			AwakeInstancesAfterBackupRestoration (0ms)
Platform modules already initialized, skipping
Registering precompiled user dll's ...
Registered in 0.001846 seconds.
Begin MonoManager ReloadAssembly
Native extension for LinuxStandalone target not found
Native extension for WindowsStandalone target not found
Refreshing native plugins compatible for Editor in 38.89 ms, found 0 plugins.
Preloading 0 native plugins for Editor in 0.00 ms.
Mono: successfully reloaded assembly
- Completed reload, in  1.366 seconds
Domain Reload Profiling:
	ReloadAssembly (1367ms)
		BeginReloadAssembly (146ms)
			ExecutionOrderSort (0ms)
			DisableScriptedObjects (8ms)
			BackupInstance (0ms)
			ReleaseScriptingObjects (0ms)
			CreateAndSetChildDomain (28ms)
		EndReloadAssembly (1157ms)
			LoadAssemblies (87ms)
			RebuildTransferFunctionScriptingTraits (0ms)
			SetupTypeCache (291ms)
			ReleaseScriptCaches (0ms)
			RebuildScriptCaches (68ms)
			SetupLoadedEditorAssemblies (547ms)
				LogAssemblyErrors (0ms)
				InitializePlatformSupportModulesInManaged (8ms)
				SetLoadedEditorAssemblies (0ms)
				RefreshPlugins (39ms)
				BeforeProcessingInitializeOnLoad (89ms)
				ProcessInitializeOnLoadAttributes (400ms)
				ProcessInitializeOnLoadMethodAttributes (7ms)
				AfterProcessingInitializeOnLoad (3ms)
				EditorAssembliesLoaded (0ms)
			ExecutionOrderSort2 (0ms)
			AwakeInstancesAfterBackupRestoration (11ms)
Platform modules already initialized, skipping
========================================================================
Worker process is ready to serve import requests
Launched and connected shader compiler UnityShaderCompiler after 0.01 seconds
Refreshing native plugins compatible for Editor in 0.52 ms, found 0 plugins.
Preloading 0 native plugins for Editor in 0.00 ms.
Unloading 2192 Unused Serialized files (Serialized files now loaded: 0)
System memory in use before: 86.3 MB.
System memory in use after: 86.4 MB.

Unloading 20 unused Assets to reduce memory usage. Loaded Objects now: 2628.
Total: 11.851437 ms (FindLiveObjects: 0.403333 ms CreateObjectMapping: 0.148762 ms MarkObjects: 11.044979 ms  DeleteObjects: 0.243956 ms)

AssetImportParameters requested are different than current active one (requested -> active):
  custom:video-decoder-ogg-theora: a1e56fd34408186e4bbccfd4996cb3dc -> 
  custom:container-muxer-webm: aa71ff27fc2769a1b78a27578f13a17b -> 
  custom:container-demuxer-webm: 4f35f7cbe854078d1ac9338744f61a02 -> 
  custom:container-demuxer-ogg: 62fdf1f143b41e24485cea50d1cbac27 -> 
  custom:video-encoder-webm-vp8: eb34c28f22e8b96e1ab97ce403110664 -> 
  custom:video-decoder-webm-vp8: 9c59270c3fd7afecdb556c50c9e8de78 -> 
  custom:audio-decoder-ogg-vorbis: bf7c407c2cedff20999df2af8eb42d56 -> 
  custom:audio-encoder-webm-vorbis: bf7c407c2cedff20999df2af8eb42d56 -> 
========================================================================
Received Import Request.
  path: Assets/Scripts/MultiImageTracker.cs
  artifactKey: Guid(be2ef6e6d64b698fc81a2fd05634fca4) Importer(815301076,1909f56bfc062723c751e8b465ee728b)
Start importing Assets/Scripts/MultiImageTracker.cs using Guid(be2ef6e6d64b698fc81a2fd05634fca4) Importer(815301076,1909f56bfc062723c751e8b465ee728b)  -> (artifact id: '28fdb0d684c46d7a807545b645fcc0f6') in 0.004250 seconds 
  Import took 0.009077 seconds .

========================================================================
Received Prepare
Registering precompiled user dll's ...
Registered in 0.002711 seconds.
Begin MonoManager ReloadAssembly
Native extension for LinuxStandalone target not found
Native extension for WindowsStandalone target not found
Refreshing native plugins compatible for Editor in 0.59 ms, found 0 plugins.
Preloading 0 native plugins for Editor in 0.00 ms.
Mono: successfully reloaded assembly
- Completed reload, in  1.856 seconds
Domain Reload Profiling:
	ReloadAssembly (1857ms)
		BeginReloadAssembly (168ms)
			ExecutionOrderSort (0ms)
			DisableScriptedObjects (11ms)
			BackupInstance (0ms)
			ReleaseScriptingObjects (0ms)
			CreateAndSetChildDomain (64ms)
		EndReloadAssembly (1586ms)
			LoadAssemblies (125ms)
			RebuildTransferFunctionScriptingTraits (1ms)
			SetupTypeCache (469ms)
			ReleaseScriptCaches (1ms)
			RebuildScriptCaches (81ms)
			SetupLoadedEditorAssemblies (684ms)
				LogAssemblyErrors (0ms)
				InitializePlatformSupportModulesInManaged (11ms)
				SetLoadedEditorAssemblies (1ms)
				RefreshPlugins (1ms)
				BeforeProcessingInitializeOnLoad (118ms)
				ProcessInitializeOnLoadAttributes (538ms)
				ProcessInitializeOnLoadMethodAttributes (8ms)
				AfterProcessingInitializeOnLoad (6ms)
				EditorAssembliesLoaded (1ms)
			ExecutionOrderSort2 (0ms)
			AwakeInstancesAfterBackupRestoration (16ms)
Platform modules already initialized, skipping
Switching build target platform(24) subTarget(0) extendedPlatform(0) -> platform(13) subTarget(524288) extendedPlatform(0)
Refreshing native plugins compatible for Editor in 0.57 ms, found 0 plugins.
Preloading 0 native plugins for Editor in 0.00 ms.
Unloading 2185 Unused Serialized files (Serialized files now loaded: 0)
System memory in use before: 86.3 MB.
System memory in use after: 86.3 MB.

Unloading 13 unused Assets to reduce memory usage. Loaded Objects now: 2631.
Total: 10.609100 ms (FindLiveObjects: 0.374000 ms CreateObjectMapping: 0.142686 ms MarkObjects: 9.980877 ms  DeleteObjects: 0.102876 ms)

AssetImportParameters requested are different than current active one (requested -> active):
  custom:video-decoder-ogg-theora: a1e56fd34408186e4bbccfd4996cb3dc -> 
  custom:container-muxer-webm: aa71ff27fc2769a1b78a27578f13a17b -> 
  custom:container-demuxer-webm: 4f35f7cbe854078d1ac9338744f61a02 -> 
  custom:container-demuxer-ogg: 62fdf1f143b41e24485cea50d1cbac27 -> 
  custom:video-encoder-webm-vp8: eb34c28f22e8b96e1ab97ce403110664 -> 
  custom:video-decoder-webm-vp8: 9c59270c3fd7afecdb556c50c9e8de78 -> 
  custom:graphics/normal-map-encoding: 01000000000000000000000000000000 -> 02000000000000000000000000000000
  custom:audio-decoder-ogg-vorbis: bf7c407c2cedff20999df2af8eb42d56 -> 
  custom:audio-encoder-webm-vorbis: bf7c407c2cedff20999df2af8eb42d56 -> 
========================================================================
Received Import Request.
  Time since last request: 554.796467 seconds.
  path: Assets/ImageTracking/Playboard1.jpg
  artifactKey: Guid(2f5b1031d78baba5b967520f9e7d6035) Importer(815301076,1909f56bfc062723c751e8b465ee728b)
Start importing Assets/ImageTracking/Playboard1.jpg using Guid(2f5b1031d78baba5b967520f9e7d6035) Importer(815301076,1909f56bfc062723c751e8b465ee728b)  -> (artifact id: '5e3dae0b2806ed889d1d03c5b334c402') in 0.109616 seconds 
  Import took 0.116331 seconds .

========================================================================
Received Import Request.
  Time since last request: 14.020032 seconds.
  path: Assets/ImageTracking/MultiImageRefrenceLibrary.asset
  artifactKey: Guid(dc0d98badd22395e4bc63a9bcac374be) Importer(815301076,1909f56bfc062723c751e8b465ee728b)
Start importing Assets/ImageTracking/MultiImageRefrenceLibrary.asset using Guid(dc0d98badd22395e4bc63a9bcac374be) Importer(815301076,1909f56bfc062723c751e8b465ee728b)  -> (artifact id: 'e67951377156226a96d85fb51a3170f8') in 0.034505 seconds 
  Import took 0.042000 seconds .

========================================================================
Received Import Request.
  Time since last request: 271.136782 seconds.
  path: Assets/Scenes/3DTesting.unity
  artifactKey: Guid(e23dc93d924dd68429040385640c5a70) Importer(815301076,1909f56bfc062723c751e8b465ee728b)
Start importing Assets/Scenes/3DTesting.unity using Guid(e23dc93d924dd68429040385640c5a70) Importer(815301076,1909f56bfc062723c751e8b465ee728b)  -> (artifact id: '98eecaa4685645c31ad72581473b1584') in 0.012124 seconds 
  Import took 0.020349 seconds .

========================================================================
Received Import Request.
  Time since last request: 60.882217 seconds.
  path: Assets/Prefabs/LazerTower.prefab
  artifactKey: Guid(e02923e19e7113c15a71c3080ec5d1c1) Importer(815301076,1909f56bfc062723c751e8b465ee728b)
Start importing Assets/Prefabs/LazerTower.prefab using Guid(e02923e19e7113c15a71c3080ec5d1c1) Importer(815301076,1909f56bfc062723c751e8b465ee728b)  -> (artifact id: '45285b62b7600c1f99c767595c7f73c7') in 0.373880 seconds 
  Import took 0.381014 seconds .

========================================================================
Received Import Request.
  Time since last request: 22.940621 seconds.
  path: Assets/Prefabs/LazerTower.prefab
  artifactKey: Guid(e02923e19e7113c15a71c3080ec5d1c1) Importer(815301076,1909f56bfc062723c751e8b465ee728b)
Start importing Assets/Prefabs/LazerTower.prefab using Guid(e02923e19e7113c15a71c3080ec5d1c1) Importer(815301076,1909f56bfc062723c751e8b465ee728b)  -> (artifact id: '6fe65d4c9a26208e13f49b10a24ba2d1') in 0.012638 seconds 
  Import took 0.020872 seconds .

========================================================================
Received Import Request.
  Time since last request: 1.193965 seconds.
  path: Assets/Prefabs/LazerTower.prefab
  artifactKey: Guid(e02923e19e7113c15a71c3080ec5d1c1) Importer(815301076,1909f56bfc062723c751e8b465ee728b)
Start importing Assets/Prefabs/LazerTower.prefab using Guid(e02923e19e7113c15a71c3080ec5d1c1) Importer(815301076,1909f56bfc062723c751e8b465ee728b)  -> (artifact id: '16fd1ac70de539a51f0fd83bdf00ef47') in 0.015081 seconds 
  Import took 0.022679 seconds .

========================================================================
Received Import Request.
  Time since last request: 1.703258 seconds.
  path: Assets/Prefabs/LazerTower.prefab
  artifactKey: Guid(e02923e19e7113c15a71c3080ec5d1c1) Importer(815301076,1909f56bfc062723c751e8b465ee728b)
Start importing Assets/Prefabs/LazerTower.prefab using Guid(e02923e19e7113c15a71c3080ec5d1c1) Importer(815301076,1909f56bfc062723c751e8b465ee728b)  -> (artifact id: 'd9dbed48590239f11ec529d2f1084577') in 0.013585 seconds 
  Import took 0.021499 seconds .

========================================================================
Received Import Request.
  Time since last request: 11.243137 seconds.
  path: Assets/Prefabs/LazerTower.prefab
  artifactKey: Guid(e02923e19e7113c15a71c3080ec5d1c1) Importer(815301076,1909f56bfc062723c751e8b465ee728b)
Start importing Assets/Prefabs/LazerTower.prefab using Guid(e02923e19e7113c15a71c3080ec5d1c1) Importer(815301076,1909f56bfc062723c751e8b465ee728b)  -> (artifact id: '5745f9e38a06da10d1092824d6ab5a55') in 0.011720 seconds 
  Import took 0.018682 seconds .

========================================================================
Received Import Request.
  Time since last request: 6.700062 seconds.
  path: Assets/Prefabs/LazerTower.prefab
  artifactKey: Guid(e02923e19e7113c15a71c3080ec5d1c1) Importer(815301076,1909f56bfc062723c751e8b465ee728b)
Start importing Assets/Prefabs/LazerTower.prefab using Guid(e02923e19e7113c15a71c3080ec5d1c1) Importer(815301076,1909f56bfc062723c751e8b465ee728b)  -> (artifact id: 'e548e7d1e632cc62b73bf097420042e5') in 0.016790 seconds 
  Import took 0.025310 seconds .

========================================================================
Received Import Request.
  Time since last request: 7.555533 seconds.
  path: Assets/Prefabs/LazerTower.prefab
  artifactKey: Guid(e02923e19e7113c15a71c3080ec5d1c1) Importer(815301076,1909f56bfc062723c751e8b465ee728b)
Start importing Assets/Prefabs/LazerTower.prefab using Guid(e02923e19e7113c15a71c3080ec5d1c1) Importer(815301076,1909f56bfc062723c751e8b465ee728b)  -> (artifact id: 'b6511c11c22e7318343ed2eb8cb7aab2') in 0.013467 seconds 
  Import took 0.021901 seconds .

========================================================================
Received Import Request.
  Time since last request: 2.286547 seconds.
  path: Assets/Prefabs/LazerTower.prefab
  artifactKey: Guid(e02923e19e7113c15a71c3080ec5d1c1) Importer(815301076,1909f56bfc062723c751e8b465ee728b)
Start importing Assets/Prefabs/LazerTower.prefab using Guid(e02923e19e7113c15a71c3080ec5d1c1) Importer(815301076,1909f56bfc062723c751e8b465ee728b)  -> (artifact id: 'a43d1ff386ff0653b272aa10f340ea61') in 0.013039 seconds 
  Import took 0.020321 seconds .

========================================================================
Received Import Request.
  Time since last request: 3.495620 seconds.
  path: Assets/Prefabs/LazerTower.prefab
  artifactKey: Guid(e02923e19e7113c15a71c3080ec5d1c1) Importer(815301076,1909f56bfc062723c751e8b465ee728b)
Start importing Assets/Prefabs/LazerTower.prefab using Guid(e02923e19e7113c15a71c3080ec5d1c1) Importer(815301076,1909f56bfc062723c751e8b465ee728b)  -> (artifact id: 'eeeb4533a79b59b8156b6eaff8c08579') in 0.013082 seconds 
  Import took 0.021554 seconds .

========================================================================
Received Import Request.
  Time since last request: 10.428760 seconds.
  path: Assets/Prefabs/LazerTower.prefab
  artifactKey: Guid(e02923e19e7113c15a71c3080ec5d1c1) Importer(815301076,1909f56bfc062723c751e8b465ee728b)
Start importing Assets/Prefabs/LazerTower.prefab using Guid(e02923e19e7113c15a71c3080ec5d1c1) Importer(815301076,1909f56bfc062723c751e8b465ee728b)  -> (artifact id: '64dd0bc813e666c4ca65eae8d7bea62c') in 0.010111 seconds 
  Import took 0.015810 seconds .

========================================================================
Received Import Request.
  Time since last request: 1.788509 seconds.
  path: Assets/Prefabs/LazerTower.prefab
  artifactKey: Guid(e02923e19e7113c15a71c3080ec5d1c1) Importer(815301076,1909f56bfc062723c751e8b465ee728b)
Start importing Assets/Prefabs/LazerTower.prefab using Guid(e02923e19e7113c15a71c3080ec5d1c1) Importer(815301076,1909f56bfc062723c751e8b465ee728b)  -> (artifact id: 'f029da39107040773b39d314a8a2e78a') in 0.011057 seconds 
  Import took 0.016636 seconds .

========================================================================
Received Import Request.
  Time since last request: 1.835904 seconds.
  path: Assets/Prefabs/LazerTower.prefab
  artifactKey: Guid(e02923e19e7113c15a71c3080ec5d1c1) Importer(815301076,1909f56bfc062723c751e8b465ee728b)
Start importing Assets/Prefabs/LazerTower.prefab using Guid(e02923e19e7113c15a71c3080ec5d1c1) Importer(815301076,1909f56bfc062723c751e8b465ee728b)  -> (artifact id: 'b4104acafdc17727a6edfb2bc5b9aac7') in 0.013052 seconds 
  Import took 0.020246 seconds .

========================================================================
Received Import Request.
  Time since last request: 8.831844 seconds.
  path: Assets/Prefabs/LazerTower.prefab
  artifactKey: Guid(e02923e19e7113c15a71c3080ec5d1c1) Importer(815301076,1909f56bfc062723c751e8b465ee728b)
Start importing Assets/Prefabs/LazerTower.prefab using Guid(e02923e19e7113c15a71c3080ec5d1c1) Importer(815301076,1909f56bfc062723c751e8b465ee728b)  -> (artifact id: '614f694f49867155d6cce612b7e13235') in 0.012957 seconds 
  Import took 0.019881 seconds .

========================================================================
Received Import Request.
  Time since last request: 14.746285 seconds.
  path: Assets/Prefabs/LazerTower.prefab
  artifactKey: Guid(e02923e19e7113c15a71c3080ec5d1c1) Importer(815301076,1909f56bfc062723c751e8b465ee728b)
Start importing Assets/Prefabs/LazerTower.prefab using Guid(e02923e19e7113c15a71c3080ec5d1c1) Importer(815301076,1909f56bfc062723c751e8b465ee728b)  -> (artifact id: '3e37974876ee2438ef0f612b79e7b68f') in 0.010518 seconds 
  Import took 0.016267 seconds .

========================================================================
Received Import Request.
  Time since last request: 2.433066 seconds.
  path: Assets/Prefabs/LazerTower.prefab
  artifactKey: Guid(e02923e19e7113c15a71c3080ec5d1c1) Importer(815301076,1909f56bfc062723c751e8b465ee728b)
Start importing Assets/Prefabs/LazerTower.prefab using Guid(e02923e19e7113c15a71c3080ec5d1c1) Importer(815301076,1909f56bfc062723c751e8b465ee728b)  -> (artifact id: '422425282c0502630332c84f42efd081') in 0.011494 seconds 
  Import took 0.019685 seconds .

========================================================================
Received Import Request.
  Time since last request: 2.624495 seconds.
  path: Assets/Prefabs/LazerTower.prefab
  artifactKey: Guid(e02923e19e7113c15a71c3080ec5d1c1) Importer(815301076,1909f56bfc062723c751e8b465ee728b)
Start importing Assets/Prefabs/LazerTower.prefab using Guid(e02923e19e7113c15a71c3080ec5d1c1) Importer(815301076,1909f56bfc062723c751e8b465ee728b)  -> (artifact id: 'f86e1ab2b299bfbaf09a5036b487cd61') in 0.011260 seconds 
  Import took 0.018051 seconds .

========================================================================
Received Import Request.
  Time since last request: 13.387496 seconds.
  path: Assets/Materials
  artifactKey: Guid(fa2bc4ce3da7a0e7b838d81bf27178f0) Importer(815301076,1909f56bfc062723c751e8b465ee728b)
Start importing Assets/Materials using Guid(fa2bc4ce3da7a0e7b838d81bf27178f0) Importer(815301076,1909f56bfc062723c751e8b465ee728b)  -> (artifact id: '3ec949a4a696d1bedcada155ba3d1beb') in 0.002037 seconds 
  Import took 0.010391 seconds .

========================================================================
Received Import Request.
  Time since last request: 28.668300 seconds.
  path: Assets/Materials/Grey.mat
  artifactKey: Guid(44d5d2e52d72f292b8de9ca6e909e534) Importer(815301076,1909f56bfc062723c751e8b465ee728b)
Start importing Assets/Materials/Grey.mat using Guid(44d5d2e52d72f292b8de9ca6e909e534) Importer(815301076,1909f56bfc062723c751e8b465ee728b)  -> (artifact id: '3d15e41b32a56930eeb45b25c6b8c1d1') in 0.046813 seconds 
  Import took 0.053805 seconds .

========================================================================
Received Import Request.
  Time since last request: 0.001094 seconds.
  path: Assets/Materials/Grey.mat
  artifactKey: Guid(44d5d2e52d72f292b8de9ca6e909e534) Importer(815301076,1909f56bfc062723c751e8b465ee728b)
Start importing Assets/Materials/Grey.mat using Guid(44d5d2e52d72f292b8de9ca6e909e534) Importer(815301076,1909f56bfc062723c751e8b465ee728b)  -> (artifact id: '3d15e41b32a56930eeb45b25c6b8c1d1') in 0.012035 seconds 
  Import took 0.018965 seconds .

========================================================================
Received Import Request.
  Time since last request: 20.892832 seconds.
  path: Assets/Materials/Black.mat
  artifactKey: Guid(3089db1a13d1aec049ff48824768b970) Importer(815301076,1909f56bfc062723c751e8b465ee728b)
Start importing Assets/Materials/Black.mat using Guid(3089db1a13d1aec049ff48824768b970) Importer(815301076,1909f56bfc062723c751e8b465ee728b)  -> (artifact id: '023c4006065e943c57623aeb4124c891') in 0.015131 seconds 
  Import took 0.023281 seconds .

========================================================================
Received Import Request.
  Time since last request: 7.854839 seconds.
  path: Assets/Materials/Black.mat
  artifactKey: Guid(3089db1a13d1aec049ff48824768b970) Importer(815301076,1909f56bfc062723c751e8b465ee728b)
Start importing Assets/Materials/Black.mat using Guid(3089db1a13d1aec049ff48824768b970) Importer(815301076,1909f56bfc062723c751e8b465ee728b)  -> (artifact id: '9720749d2e7ad7548422153262fe56b7') in 0.013539 seconds 
  Import took 0.021639 seconds .

========================================================================
Received Import Request.
  Time since last request: 0.000322 seconds.
  path: Assets/Materials/Grey.mat
  artifactKey: Guid(44d5d2e52d72f292b8de9ca6e909e534) Importer(815301076,1909f56bfc062723c751e8b465ee728b)
Start importing Assets/Materials/Grey.mat using Guid(44d5d2e52d72f292b8de9ca6e909e534) Importer(815301076,1909f56bfc062723c751e8b465ee728b)  -> (artifact id: 'e70f865ffcd4376916581bb43cf9887e') in 0.012837 seconds 
  Import took 0.020224 seconds .

========================================================================
Received Import Request.
  Time since last request: 8.154091 seconds.
  path: Assets/Materials/LazerRed.mat
  artifactKey: Guid(66db93f90fa3aed25a240c5604968384) Importer(815301076,1909f56bfc062723c751e8b465ee728b)
Start importing Assets/Materials/LazerRed.mat using Guid(66db93f90fa3aed25a240c5604968384) Importer(815301076,1909f56bfc062723c751e8b465ee728b)  -> (artifact id: '8d5c0c45ceafb583c48c5f21aa5d8ef8') in 0.012779 seconds 
  Import took 0.020278 seconds .

========================================================================
Received Import Request.
  Time since last request: 9.579904 seconds.
  path: Assets/Materials/LazerRed.mat
  artifactKey: Guid(66db93f90fa3aed25a240c5604968384) Importer(815301076,1909f56bfc062723c751e8b465ee728b)
Start importing Assets/Materials/LazerRed.mat using Guid(66db93f90fa3aed25a240c5604968384) Importer(815301076,1909f56bfc062723c751e8b465ee728b)  -> (artifact id: '5ff4c7d3ffe5daf83af95f2a783ff6eb') in 0.013113 seconds 
  Import took 0.020195 seconds .

========================================================================
Received Import Request.
  Time since last request: 20.106094 seconds.
  path: Assets/Prefabs/LazerTower.prefab
  artifactKey: Guid(e02923e19e7113c15a71c3080ec5d1c1) Importer(815301076,1909f56bfc062723c751e8b465ee728b)
Start importing Assets/Prefabs/LazerTower.prefab using Guid(e02923e19e7113c15a71c3080ec5d1c1) Importer(815301076,1909f56bfc062723c751e8b465ee728b)  -> (artifact id: 'e0b6b3200665aaa1d72d2348db9169f5') in 0.013782 seconds 
  Import took 0.022141 seconds .

========================================================================
Received Import Request.
  Time since last request: 45.482468 seconds.
  path: Assets/Scripts/LazerTower.cs
  artifactKey: Guid(7158b8f443558904b9524f048accea66) Importer(815301076,1909f56bfc062723c751e8b465ee728b)
Start importing Assets/Scripts/LazerTower.cs using Guid(7158b8f443558904b9524f048accea66) Importer(815301076,1909f56bfc062723c751e8b465ee728b)  -> (artifact id: '247d152550e71095cfea1fa26c1e9841') in 0.002784 seconds 
  Import took 0.010970 seconds .

========================================================================
Received Prepare
Registering precompiled user dll's ...
Registered in 0.002284 seconds.
Begin MonoManager ReloadAssembly
Native extension for LinuxStandalone target not found
Native extension for WindowsStandalone target not found
Refreshing native plugins compatible for Editor in 0.59 ms, found 0 plugins.
Preloading 0 native plugins for Editor in 0.00 ms.
Mono: successfully reloaded assembly
- Completed reload, in  1.817 seconds
Domain Reload Profiling:
	ReloadAssembly (1818ms)
		BeginReloadAssembly (154ms)
			ExecutionOrderSort (0ms)
			DisableScriptedObjects (10ms)
			BackupInstance (0ms)
			ReleaseScriptingObjects (0ms)
			CreateAndSetChildDomain (60ms)
		EndReloadAssembly (1564ms)
			LoadAssemblies (118ms)
			RebuildTransferFunctionScriptingTraits (0ms)
			SetupTypeCache (442ms)
			ReleaseScriptCaches (1ms)
			RebuildScriptCaches (73ms)
			SetupLoadedEditorAssemblies (694ms)
				LogAssemblyErrors (0ms)
				InitializePlatformSupportModulesInManaged (12ms)
				SetLoadedEditorAssemblies (1ms)
				RefreshPlugins (1ms)
				BeforeProcessingInitializeOnLoad (123ms)
				ProcessInitializeOnLoadAttributes (543ms)
				ProcessInitializeOnLoadMethodAttributes (8ms)
				AfterProcessingInitializeOnLoad (6ms)
				EditorAssembliesLoaded (0ms)
			ExecutionOrderSort2 (0ms)
			AwakeInstancesAfterBackupRestoration (15ms)
Platform modules already initialized, skipping
Switching build target platform(24) subTarget(0) extendedPlatform(0) -> platform(13) subTarget(524288) extendedPlatform(0)
Refreshing native plugins compatible for Editor in 0.63 ms, found 0 plugins.
Preloading 0 native plugins for Editor in 0.00 ms.
Unloading 2186 Unused Serialized files (Serialized files now loaded: 0)
System memory in use before: 87.9 MB.
System memory in use after: 87.9 MB.

Unloading 14 unused Assets to reduce memory usage. Loaded Objects now: 2678.
Total: 12.405277 ms (FindLiveObjects: 0.500971 ms CreateObjectMapping: 0.233968 ms MarkObjects: 11.502021 ms  DeleteObjects: 0.159308 ms)

AssetImportParameters requested are different than current active one (requested -> active):
  custom:video-decoder-ogg-theora: a1e56fd34408186e4bbccfd4996cb3dc -> 
  custom:container-muxer-webm: aa71ff27fc2769a1b78a27578f13a17b -> 
  custom:container-demuxer-webm: 4f35f7cbe854078d1ac9338744f61a02 -> 
  custom:container-demuxer-ogg: 62fdf1f143b41e24485cea50d1cbac27 -> 
  custom:video-encoder-webm-vp8: eb34c28f22e8b96e1ab97ce403110664 -> 
  custom:video-decoder-webm-vp8: 9c59270c3fd7afecdb556c50c9e8de78 -> 
  custom:graphics/normal-map-encoding: 01000000000000000000000000000000 -> 02000000000000000000000000000000
  custom:audio-decoder-ogg-vorbis: bf7c407c2cedff20999df2af8eb42d56 -> 
  custom:audio-encoder-webm-vorbis: bf7c407c2cedff20999df2af8eb42d56 -> 
========================================================================
Received Prepare
Registering precompiled user dll's ...
Registered in 0.002299 seconds.
Begin MonoManager ReloadAssembly
Native extension for LinuxStandalone target not found
Native extension for WindowsStandalone target not found
Refreshing native plugins compatible for Editor in 0.59 ms, found 0 plugins.
Preloading 0 native plugins for Editor in 0.00 ms.
Mono: successfully reloaded assembly
- Completed reload, in  1.825 seconds
Domain Reload Profiling:
	ReloadAssembly (1826ms)
		BeginReloadAssembly (157ms)
			ExecutionOrderSort (0ms)
			DisableScriptedObjects (12ms)
			BackupInstance (0ms)
			ReleaseScriptingObjects (0ms)
			CreateAndSetChildDomain (60ms)
		EndReloadAssembly (1568ms)
			LoadAssemblies (121ms)
			RebuildTransferFunctionScriptingTraits (0ms)
			SetupTypeCache (448ms)
			ReleaseScriptCaches (1ms)
			RebuildScriptCaches (75ms)
			SetupLoadedEditorAssemblies (688ms)
				LogAssemblyErrors (0ms)
				InitializePlatformSupportModulesInManaged (11ms)
				SetLoadedEditorAssemblies (1ms)
				RefreshPlugins (1ms)
				BeforeProcessingInitializeOnLoad (117ms)
				ProcessInitializeOnLoadAttributes (543ms)
				ProcessInitializeOnLoadMethodAttributes (9ms)
				AfterProcessingInitializeOnLoad (6ms)
				EditorAssembliesLoaded (0ms)
			ExecutionOrderSort2 (0ms)
			AwakeInstancesAfterBackupRestoration (15ms)
Platform modules already initialized, skipping
Switching build target platform(24) subTarget(0) extendedPlatform(0) -> platform(13) subTarget(524288) extendedPlatform(0)
Refreshing native plugins compatible for Editor in 0.60 ms, found 0 plugins.
Preloading 0 native plugins for Editor in 0.00 ms.
Unloading 2186 Unused Serialized files (Serialized files now loaded: 0)
System memory in use before: 87.9 MB.
System memory in use after: 87.9 MB.

Unloading 13 unused Assets to reduce memory usage. Loaded Objects now: 2681.
Total: 11.231106 ms (FindLiveObjects: 0.362896 ms CreateObjectMapping: 0.127809 ms MarkObjects: 10.614268 ms  DeleteObjects: 0.116635 ms)

AssetImportParameters requested are different than current active one (requested -> active):
  custom:video-decoder-ogg-theora: a1e56fd34408186e4bbccfd4996cb3dc -> 
  custom:container-muxer-webm: aa71ff27fc2769a1b78a27578f13a17b -> 
  custom:container-demuxer-webm: 4f35f7cbe854078d1ac9338744f61a02 -> 
  custom:container-demuxer-ogg: 62fdf1f143b41e24485cea50d1cbac27 -> 
  custom:video-encoder-webm-vp8: eb34c28f22e8b96e1ab97ce403110664 -> 
  custom:video-decoder-webm-vp8: 9c59270c3fd7afecdb556c50c9e8de78 -> 
  custom:graphics/normal-map-encoding: 01000000000000000000000000000000 -> 02000000000000000000000000000000
  custom:audio-decoder-ogg-vorbis: bf7c407c2cedff20999df2af8eb42d56 -> 
  custom:audio-encoder-webm-vorbis: bf7c407c2cedff20999df2af8eb42d56 -> 
========================================================================
Received Import Request.
  Time since last request: 89.108357 seconds.
  path: Assets/Scripts/LazerTower.cs
  artifactKey: Guid(7158b8f443558904b9524f048accea66) Importer(815301076,1909f56bfc062723c751e8b465ee728b)
Start importing Assets/Scripts/LazerTower.cs using Guid(7158b8f443558904b9524f048accea66) Importer(815301076,1909f56bfc062723c751e8b465ee728b)  -> (artifact id: 'ab5f9eb184225520f8ec418084b4cf0a') in 0.006770 seconds 
  Import took 0.012196 seconds .

========================================================================
Received Prepare
Registering precompiled user dll's ...
Registered in 0.002649 seconds.
Begin MonoManager ReloadAssembly
Native extension for LinuxStandalone target not found
Native extension for WindowsStandalone target not found
Refreshing native plugins compatible for Editor in 0.60 ms, found 0 plugins.
Preloading 0 native plugins for Editor in 0.00 ms.
Mono: successfully reloaded assembly
- Completed reload, in  1.848 seconds
Domain Reload Profiling:
	ReloadAssembly (1848ms)
		BeginReloadAssembly (154ms)
			ExecutionOrderSort (0ms)
			DisableScriptedObjects (11ms)
			BackupInstance (0ms)
			ReleaseScriptingObjects (0ms)
			CreateAndSetChildDomain (55ms)
		EndReloadAssembly (1592ms)
			LoadAssemblies (124ms)
			RebuildTransferFunctionScriptingTraits (0ms)
			SetupTypeCache (456ms)
			ReleaseScriptCaches (1ms)
			RebuildScriptCaches (75ms)
			SetupLoadedEditorAssemblies (697ms)
				LogAssemblyErrors (0ms)
				InitializePlatformSupportModulesInManaged (11ms)
				SetLoadedEditorAssemblies (1ms)
				RefreshPlugins (1ms)
				BeforeProcessingInitializeOnLoad (118ms)
				ProcessInitializeOnLoadAttributes (550ms)
				ProcessInitializeOnLoadMethodAttributes (9ms)
				AfterProcessingInitializeOnLoad (6ms)
				EditorAssembliesLoaded (0ms)
			ExecutionOrderSort2 (0ms)
			AwakeInstancesAfterBackupRestoration (16ms)
Platform modules already initialized, skipping
Switching build target platform(24) subTarget(0) extendedPlatform(0) -> platform(13) subTarget(524288) extendedPlatform(0)
Refreshing native plugins compatible for Editor in 0.59 ms, found 0 plugins.
Preloading 0 native plugins for Editor in 0.00 ms.
Unloading 2186 Unused Serialized files (Serialized files now loaded: 0)
System memory in use before: 87.9 MB.
System memory in use after: 88.0 MB.

Unloading 13 unused Assets to reduce memory usage. Loaded Objects now: 2684.
Total: 10.677684 ms (FindLiveObjects: 0.367225 ms CreateObjectMapping: 0.128578 ms MarkObjects: 10.069506 ms  DeleteObjects: 0.102318 ms)

AssetImportParameters requested are different than current active one (requested -> active):
  custom:video-decoder-ogg-theora: a1e56fd34408186e4bbccfd4996cb3dc -> 
  custom:container-muxer-webm: aa71ff27fc2769a1b78a27578f13a17b -> 
  custom:container-demuxer-webm: 4f35f7cbe854078d1ac9338744f61a02 -> 
  custom:container-demuxer-ogg: 62fdf1f143b41e24485cea50d1cbac27 -> 
  custom:video-encoder-webm-vp8: eb34c28f22e8b96e1ab97ce403110664 -> 
  custom:video-decoder-webm-vp8: 9c59270c3fd7afecdb556c50c9e8de78 -> 
  custom:graphics/normal-map-encoding: 01000000000000000000000000000000 -> 02000000000000000000000000000000
  custom:audio-decoder-ogg-vorbis: bf7c407c2cedff20999df2af8eb42d56 -> 
  custom:audio-encoder-webm-vorbis: bf7c407c2cedff20999df2af8eb42d56 -> 
========================================================================
Received Import Request.
  Time since last request: 666.556001 seconds.
  path: Assets/Scripts/LazerTower.cs
  artifactKey: Guid(7158b8f443558904b9524f048accea66) Importer(815301076,1909f56bfc062723c751e8b465ee728b)
Start importing Assets/Scripts/LazerTower.cs using Guid(7158b8f443558904b9524f048accea66) Importer(815301076,1909f56bfc062723c751e8b465ee728b)  -> (artifact id: 'f883d22aa890bde142b5ae3d15451f71') in 0.007182 seconds 
  Import took 0.013455 seconds .

========================================================================
Received Import Request.
  Time since last request: 0.066323 seconds.
  path: Assets/Scripts/LazerTower.cs
  artifactKey: Guid(7158b8f443558904b9524f048accea66) Importer(815301076,1909f56bfc062723c751e8b465ee728b)
Start importing Assets/Scripts/LazerTower.cs using Guid(7158b8f443558904b9524f048accea66) Importer(815301076,1909f56bfc062723c751e8b465ee728b)  -> (artifact id: 'f883d22aa890bde142b5ae3d15451f71') in 0.001414 seconds 
  Import took 0.008067 seconds .

========================================================================
Received Import Request.
  Time since last request: 2.621089 seconds.
  path: Assets/Prefabs/LazerTower.prefab
  artifactKey: Guid(e02923e19e7113c15a71c3080ec5d1c1) Importer(815301076,1909f56bfc062723c751e8b465ee728b)
Start importing Assets/Prefabs/LazerTower.prefab using Guid(e02923e19e7113c15a71c3080ec5d1c1) Importer(815301076,1909f56bfc062723c751e8b465ee728b)  -> (artifact id: '4f09c6e9c876c48917d33dcc08161887') in 0.122433 seconds 
  Import took 0.129504 seconds .

========================================================================
Received Import Request.
  Time since last request: 36.078633 seconds.
  path: Assets/Prefabs/LazerTower.prefab
  artifactKey: Guid(e02923e19e7113c15a71c3080ec5d1c1) Importer(815301076,1909f56bfc062723c751e8b465ee728b)
Start importing Assets/Prefabs/LazerTower.prefab using Guid(e02923e19e7113c15a71c3080ec5d1c1) Importer(815301076,1909f56bfc062723c751e8b465ee728b)  -> (artifact id: '68dd0b92307b9f850fe651b29903e6f6') in 0.013735 seconds 
  Import took 0.020643 seconds .

========================================================================
Received Import Request.
  Time since last request: 6.113106 seconds.
  path: Assets/Prefabs/LazerTower.prefab
  artifactKey: Guid(e02923e19e7113c15a71c3080ec5d1c1) Importer(815301076,1909f56bfc062723c751e8b465ee728b)
Start importing Assets/Prefabs/LazerTower.prefab using Guid(e02923e19e7113c15a71c3080ec5d1c1) Importer(815301076,1909f56bfc062723c751e8b465ee728b)  -> (artifact id: 'ff4b8c1206f248ad51d02276e262c558') in 0.013114 seconds 
  Import took 0.021267 seconds .

========================================================================
Received Prepare
Registering precompiled user dll's ...
Registered in 0.002277 seconds.
Begin MonoManager ReloadAssembly
Native extension for LinuxStandalone target not found
Native extension for WindowsStandalone target not found
Refreshing native plugins compatible for Editor in 0.58 ms, found 0 plugins.
Preloading 0 native plugins for Editor in 0.00 ms.
Mono: successfully reloaded assembly
- Completed reload, in  1.842 seconds
Domain Reload Profiling:
	ReloadAssembly (1843ms)
		BeginReloadAssembly (158ms)
			ExecutionOrderSort (0ms)
			DisableScriptedObjects (10ms)
			BackupInstance (0ms)
			ReleaseScriptingObjects (0ms)
			CreateAndSetChildDomain (60ms)
		EndReloadAssembly (1584ms)
			LoadAssemblies (124ms)
			RebuildTransferFunctionScriptingTraits (0ms)
			SetupTypeCache (453ms)
			ReleaseScriptCaches (1ms)
			RebuildScriptCaches (75ms)
			SetupLoadedEditorAssemblies (684ms)
				LogAssemblyErrors (0ms)
				InitializePlatformSupportModulesInManaged (11ms)
				SetLoadedEditorAssemblies (1ms)
				RefreshPlugins (1ms)
				BeforeProcessingInitializeOnLoad (118ms)
				ProcessInitializeOnLoadAttributes (538ms)
				ProcessInitializeOnLoadMethodAttributes (8ms)
				AfterProcessingInitializeOnLoad (6ms)
				EditorAssembliesLoaded (0ms)
			ExecutionOrderSort2 (0ms)
			AwakeInstancesAfterBackupRestoration (15ms)
Platform modules already initialized, skipping
Switching build target platform(24) subTarget(0) extendedPlatform(0) -> platform(13) subTarget(524288) extendedPlatform(0)
Refreshing native plugins compatible for Editor in 0.58 ms, found 0 plugins.
Preloading 0 native plugins for Editor in 0.00 ms.
Unloading 2186 Unused Serialized files (Serialized files now loaded: 0)
System memory in use before: 87.8 MB.
System memory in use after: 87.9 MB.

Unloading 13 unused Assets to reduce memory usage. Loaded Objects now: 2688.
Total: 11.755055 ms (FindLiveObjects: 0.394883 ms CreateObjectMapping: 0.129277 ms MarkObjects: 11.099805 ms  DeleteObjects: 0.121593 ms)

AssetImportParameters requested are different than current active one (requested -> active):
  custom:video-decoder-ogg-theora: a1e56fd34408186e4bbccfd4996cb3dc -> 
  custom:container-muxer-webm: aa71ff27fc2769a1b78a27578f13a17b -> 
  custom:container-demuxer-webm: 4f35f7cbe854078d1ac9338744f61a02 -> 
  custom:container-demuxer-ogg: 62fdf1f143b41e24485cea50d1cbac27 -> 
  custom:video-encoder-webm-vp8: eb34c28f22e8b96e1ab97ce403110664 -> 
  custom:video-decoder-webm-vp8: 9c59270c3fd7afecdb556c50c9e8de78 -> 
  custom:graphics/normal-map-encoding: 01000000000000000000000000000000 -> 02000000000000000000000000000000
  custom:audio-decoder-ogg-vorbis: bf7c407c2cedff20999df2af8eb42d56 -> 
  custom:audio-encoder-webm-vorbis: bf7c407c2cedff20999df2af8eb42d56 -> 
========================================================================
Received Prepare
Registering precompiled user dll's ...
Registered in 0.002276 seconds.
Begin MonoManager ReloadAssembly
Native extension for LinuxStandalone target not found
Native extension for WindowsStandalone target not found
Refreshing native plugins compatible for Editor in 0.64 ms, found 0 plugins.
Preloading 0 native plugins for Editor in 0.00 ms.
Mono: successfully reloaded assembly
- Completed reload, in  1.863 seconds
Domain Reload Profiling:
	ReloadAssembly (1863ms)
		BeginReloadAssembly (158ms)
			ExecutionOrderSort (0ms)
			DisableScriptedObjects (10ms)
			BackupInstance (0ms)
			ReleaseScriptingObjects (0ms)
			CreateAndSetChildDomain (61ms)
		EndReloadAssembly (1604ms)
			LoadAssemblies (122ms)
			RebuildTransferFunctionScriptingTraits (0ms)
			SetupTypeCache (459ms)
			ReleaseScriptCaches (1ms)
			RebuildScriptCaches (75ms)
			SetupLoadedEditorAssemblies (691ms)
				LogAssemblyErrors (0ms)
				InitializePlatformSupportModulesInManaged (11ms)
				SetLoadedEditorAssemblies (1ms)
				RefreshPlugins (1ms)
				BeforeProcessingInitializeOnLoad (117ms)
				ProcessInitializeOnLoadAttributes (547ms)
				ProcessInitializeOnLoadMethodAttributes (9ms)
				AfterProcessingInitializeOnLoad (6ms)
				EditorAssembliesLoaded (0ms)
			ExecutionOrderSort2 (0ms)
			AwakeInstancesAfterBackupRestoration (16ms)
Platform modules already initialized, skipping
Switching build target platform(24) subTarget(0) extendedPlatform(0) -> platform(13) subTarget(524288) extendedPlatform(0)
Refreshing native plugins compatible for Editor in 0.58 ms, found 0 plugins.
Preloading 0 native plugins for Editor in 0.00 ms.
Unloading 2186 Unused Serialized files (Serialized files now loaded: 0)
System memory in use before: 87.8 MB.
System memory in use after: 87.9 MB.

Unloading 13 unused Assets to reduce memory usage. Loaded Objects now: 2691.
Total: 11.653646 ms (FindLiveObjects: 0.418908 ms CreateObjectMapping: 0.144641 ms MarkObjects: 10.948109 ms  DeleteObjects: 0.131022 ms)

AssetImportParameters requested are different than current active one (requested -> active):
  custom:video-decoder-ogg-theora: a1e56fd34408186e4bbccfd4996cb3dc -> 
  custom:container-muxer-webm: aa71ff27fc2769a1b78a27578f13a17b -> 
  custom:container-demuxer-webm: 4f35f7cbe854078d1ac9338744f61a02 -> 
  custom:container-demuxer-ogg: 62fdf1f143b41e24485cea50d1cbac27 -> 
  custom:video-encoder-webm-vp8: eb34c28f22e8b96e1ab97ce403110664 -> 
  custom:video-decoder-webm-vp8: 9c59270c3fd7afecdb556c50c9e8de78 -> 
  custom:graphics/normal-map-encoding: 01000000000000000000000000000000 -> 02000000000000000000000000000000
  custom:audio-decoder-ogg-vorbis: bf7c407c2cedff20999df2af8eb42d56 -> 
  custom:audio-encoder-webm-vorbis: bf7c407c2cedff20999df2af8eb42d56 -> 
========================================================================
Received Prepare
Registering precompiled user dll's ...
Registered in 0.002771 seconds.
Begin MonoManager ReloadAssembly
Native extension for LinuxStandalone target not found
Native extension for WindowsStandalone target not found
Refreshing native plugins compatible for Editor in 0.60 ms, found 0 plugins.
Preloading 0 native plugins for Editor in 0.00 ms.
Mono: successfully reloaded assembly
- Completed reload, in  1.929 seconds
Domain Reload Profiling:
	ReloadAssembly (1930ms)
		BeginReloadAssembly (197ms)
			ExecutionOrderSort (0ms)
			DisableScriptedObjects (12ms)
			BackupInstance (0ms)
			ReleaseScriptingObjects (0ms)
			CreateAndSetChildDomain (87ms)
		EndReloadAssembly (1616ms)
			LoadAssemblies (138ms)
			RebuildTransferFunctionScriptingTraits (0ms)
			SetupTypeCache (458ms)
			ReleaseScriptCaches (1ms)
			RebuildScriptCaches (76ms)
			SetupLoadedEditorAssemblies (698ms)
				LogAssemblyErrors (0ms)
				InitializePlatformSupportModulesInManaged (11ms)
				SetLoadedEditorAssemblies (1ms)
				RefreshPlugins (1ms)
				BeforeProcessingInitializeOnLoad (119ms)
				ProcessInitializeOnLoadAttributes (551ms)
				ProcessInitializeOnLoadMethodAttributes (8ms)
				AfterProcessingInitializeOnLoad (6ms)
				EditorAssembliesLoaded (0ms)
			ExecutionOrderSort2 (0ms)
			AwakeInstancesAfterBackupRestoration (15ms)
Platform modules already initialized, skipping
Switching build target platform(24) subTarget(0) extendedPlatform(0) -> platform(13) subTarget(524288) extendedPlatform(0)
Refreshing native plugins compatible for Editor in 0.59 ms, found 0 plugins.
Preloading 0 native plugins for Editor in 0.00 ms.
Unloading 2186 Unused Serialized files (Serialized files now loaded: 0)
System memory in use before: 87.8 MB.
System memory in use after: 87.9 MB.

Unloading 13 unused Assets to reduce memory usage. Loaded Objects now: 2694.
Total: 10.789710 ms (FindLiveObjects: 0.390273 ms CreateObjectMapping: 0.131441 ms MarkObjects: 10.141372 ms  DeleteObjects: 0.116146 ms)

AssetImportParameters requested are different than current active one (requested -> active):
  custom:video-decoder-ogg-theora: a1e56fd34408186e4bbccfd4996cb3dc -> 
  custom:container-muxer-webm: aa71ff27fc2769a1b78a27578f13a17b -> 
  custom:container-demuxer-webm: 4f35f7cbe854078d1ac9338744f61a02 -> 
  custom:container-demuxer-ogg: 62fdf1f143b41e24485cea50d1cbac27 -> 
  custom:video-encoder-webm-vp8: eb34c28f22e8b96e1ab97ce403110664 -> 
  custom:video-decoder-webm-vp8: 9c59270c3fd7afecdb556c50c9e8de78 -> 
  custom:graphics/normal-map-encoding: 01000000000000000000000000000000 -> 02000000000000000000000000000000
  custom:audio-decoder-ogg-vorbis: bf7c407c2cedff20999df2af8eb42d56 -> 
  custom:audio-encoder-webm-vorbis: bf7c407c2cedff20999df2af8eb42d56 -> 
AssetImportWorkerClient::OnTransportError - code=2 error=End of file
